<coverage line-rate="0" branch-rate="0" version="" timestamp="1406966218741">
	<packages>
		<package name="org.cny.ctf/ctf" line-rate="0" branch-rate="0" complexity="0">
			<classes>
				<class name="-" filename="org.cny.ctf/ctf/ctf.go" line-rate="0" branch-rate="0" complexity="0">
					<methods>
						<method name="ListBook" signature="" line-rate="0" branch-rate="0">
							<lines>
								<line number="15" hits="1"></line>
								<line number="16" hits="1"></line>
								<line number="17" hits="1"></line>
								<line number="18" hits="1"></line>
								<line number="19" hits="1"></line>
								<line number="20" hits="1"></line>
								<line number="22" hits="1"></line>
							</lines>
						</method>
						<method name="ListChapter" signature="" line-rate="0" branch-rate="0">
							<lines>
								<line number="26" hits="1"></line>
								<line number="27" hits="1"></line>
								<line number="30" hits="1"></line>
								<line number="31" hits="1"></line>
								<line number="33" hits="1"></line>
								<line number="34" hits="1"></line>
								<line number="35" hits="1"></line>
								<line number="36" hits="1"></line>
								<line number="37" hits="1"></line>
								<line number="38" hits="1"></line>
								<line number="40" hits="1"></line>
							</lines>
						</method>
					</methods>
					<lines>
						<line number="15" hits="1"></line>
						<line number="16" hits="1"></line>
						<line number="17" hits="1"></line>
						<line number="18" hits="1"></line>
						<line number="19" hits="1"></line>
						<line number="20" hits="1"></line>
						<line number="22" hits="1"></line>
						<line number="26" hits="1"></line>
						<line number="27" hits="1"></line>
						<line number="30" hits="1"></line>
						<line number="31" hits="1"></line>
						<line number="33" hits="1"></line>
						<line number="34" hits="1"></line>
						<line number="35" hits="1"></line>
						<line number="36" hits="1"></line>
						<line number="37" hits="1"></line>
						<line number="38" hits="1"></line>
						<line number="40" hits="1"></line>
					</lines>
				</class>
			</classes>
		</package>
	</packages>
	<sources>
		<source>/Users/cny/git/CTF/go/src1</source>
	</sources>
</coverage>
