<?xml version="1.0" encoding="UTF-8"?>
<!DOCTYPE coverage SYSTEM "http://cobertura.sourceforge.net/xml/coverage-03.dtd">
<coverage line-rate="0" branch-rate="0" version="" timestamp="1406966218741">
	<packages>
		<package name="org.cny.ctf/srv" line-rate="0" branch-rate="0" complexity="0">
			<classes>
				<class name="-" filename="org.cny.ctf/srv/srv.go" line-rate="0" branch-rate="0" complexity="0">
					<methods>
						<method name="run" signature="" line-rate="0" branch-rate="0">
							<lines>
								<line number="18" hits="1"></line>
								<line number="19" hits="1"></line>
								<line number="20" hits="1"></line>
								<line number="22" hits="1"></line>
								<line number="23" hits="1"></line>
								<line number="24" hits="1"></line>
								<line number="25" hits="1"></line>
								<line number="26" hits="0"></line>
							</lines>
						</method>
						<method name="NewSrvMux" signature="" line-rate="0" branch-rate="0">
							<lines>
								<line number="31" hits="1"></line>
								<line number="32" hits="1"></line>
								<line number="35" hits="1"></line>
								<line number="36" hits="1"></line>
								<line number="38" hits="1"></line>
								<line number="39" hits="1"></line>
								<line number="41" hits="1"></line>
								<line number="43" hits="1"></line>
							</lines>
						</method>
						<method name="RunSrv" signature="" line-rate="0" branch-rate="0">
							<lines>
								<line number="48" hits="1"></line>
								<line number="49" hits="1"></line>
								<line number="50" hits="1"></line>
								<line number="51" hits="1"></line>
								<line number="52" hits="1"></line>
							</lines>
						</method>
						<method name="StopSrv" signature="" line-rate="0" branch-rate="0">
							<lines>
								<line number="57" hits="1"></line>
								<line number="58" hits="1"></line>
							</lines>
						</method>
						<method name="exit" signature="" line-rate="0" branch-rate="0">
							<lines>
								<line number="63" hits="1"></line>
								<line number="64" hits="1"></line>
								<line number="65" hits="1"></line>
							</lines>
						</method>
					</methods>
					<lines>
						<line number="18" hits="1"></line>
						<line number="19" hits="1"></line>
						<line number="20" hits="1"></line>
						<line number="22" hits="1"></line>
						<line number="23" hits="1"></line>
						<line number="24" hits="1"></line>
						<line number="25" hits="1"></line>
						<line number="26" hits="0"></line>
						<line number="31" hits="1"></line>
						<line number="32" hits="1"></line>
						<line number="35" hits="1"></line>
						<line number="36" hits="1"></line>
						<line number="38" hits="1"></line>
						<line number="39" hits="1"></line>
						<line number="41" hits="1"></line>
						<line number="43" hits="1"></line>
						<line number="48" hits="1"></line>
						<line number="49" hits="1"></line>
						<line number="50" hits="1"></line>
						<line number="51" hits="1"></line>
						<line number="52" hits="1"></line>
						<line number="57" hits="1"></line>
						<line number="58" hits="1"></line>
						<line number="63" hits="1"></line>
						<line number="64" hits="1"></line>
						<line number="65" hits="1"></line>
					</lines>
				</class>
			</classes>
		</package>
	</packages>
	<sources>
		<source>/Users/cny/git/CTF/go/src2</source>
	</sources>
</coverage>
